android/app/build/intermediates/manifest_merge_blame_file/debug/manifest-merger-blame-debug-report.txt
1<?xml version="1.0" encoding="utf-8"?>
2<manifest xmlns:android="http://schemas.android.com/apk/res/android"
3    package="com.doc"
4    android:versionCode="1"
5    android:versionName="1.0" >
6
7    <uses-sdk
8        android:minSdkVersion="21"
9        android:targetSdkVersion="33" />
10
11    <uses-permission android:name="android.permission.SYSTEM_ALERT_WINDOW" />
11-->src\debug\AndroidManifest.xml:5:5-77
11-->src\debug\AndroidManifest.xml:5:22-75
12    <uses-permission android:name="android.permission.INTERNET" />
12-->src\main\AndroidManifest.xml:4:5-67
12-->src\main\AndroidManifest.xml:4:22-64
13    <uses-permission android:name="android.permission.CAMERA" />
13-->src\main\AndroidManifest.xml:5:1-61
13-->src\main\AndroidManifest.xml:5:18-58
14    <uses-permission android:name="android.permission.READ_EXTERNAL_STORAGE" />
14-->src\main\AndroidManifest.xml:6:1-76
14-->src\main\AndroidManifest.xml:6:18-73
15    <uses-permission android:name="android.permission.WRITE_EXTERNAL_STORAGE" />
15-->src\main\AndroidManifest.xml:7:1-77
15-->src\main\AndroidManifest.xml:7:18-74
16    <uses-permission android:name="android.permission.ACCESS_WIFI_STATE" />
16-->[com.facebook.flipper:flipper:0.182.0] AndroidManifest.xml:16:5-76
16-->[com.facebook.flipper:flipper:0.182.0] AndroidManifest.xml:16:22-73
17    <uses-permission android:name="android.permission.WAKE_LOCK" />
17-->[:react-native-firebase_auth] AndroidManifest.xml:8:5-68
17-->[:react-native-firebase_auth] AndroidManifest.xml:8:22-65
18    <uses-permission android:name="android.permission.ACCESS_NETWORK_STATE" />
18-->[:react-native-firebase_auth] AndroidManifest.xml:9:5-79
18-->[:react-native-firebase_auth] AndroidManifest.xml:9:22-76
19
20    <queries>
20-->[:react-native-image-crop-picker] AndroidManifest.xml:7:5-11:15
21        <intent>
21-->[:react-native-image-crop-picker] AndroidManifest.xml:8:9-10:18
22            <action android:name="android.media.action.IMAGE_CAPTURE" />
22-->[:react-native-image-crop-picker] AndroidManifest.xml:9:13-73
22-->[:react-native-image-crop-picker] AndroidManifest.xml:9:21-70
23        </intent>
24        <!-- For browser content -->
25        <intent>
25-->[com.google.android.gms:play-services-ads-lite:22.6.0] AndroidManifest.xml:38:9-44:18
26            <action android:name="android.intent.action.VIEW" />
26-->[com.google.firebase:firebase-auth:22.2.0] AndroidManifest.xml:36:17-69
26-->[com.google.firebase:firebase-auth:22.2.0] AndroidManifest.xml:36:25-66
27
28            <category android:name="android.intent.category.BROWSABLE" />
28-->[com.google.firebase:firebase-auth:22.2.0] AndroidManifest.xml:39:17-78
28-->[com.google.firebase:firebase-auth:22.2.0] AndroidManifest.xml:39:27-75
29
30            <data android:scheme="https" />
30-->[com.google.firebase:firebase-auth:22.2.0] AndroidManifest.xml:41:17-44:51
30-->[com.google.firebase:firebase-auth:22.2.0] AndroidManifest.xml:44:21-48
31        </intent> <!-- End of browser content -->
32        <!-- For CustomTabsService -->
33        <intent>
33-->[com.google.android.gms:play-services-ads-lite:22.6.0] AndroidManifest.xml:47:9-49:18
34            <action android:name="android.support.customtabs.action.CustomTabsService" />
34-->[com.google.android.gms:play-services-ads-lite:22.6.0] AndroidManifest.xml:48:13-90
34-->[com.google.android.gms:play-services-ads-lite:22.6.0] AndroidManifest.xml:48:21-87
35        </intent>
36    </queries>
37
38    <uses-permission android:name="android.permission.USE_BIOMETRIC" />
38-->[:react-native-keychain] AndroidManifest.xml:7:5-72
38-->[:react-native-keychain] AndroidManifest.xml:7:22-69
39    <uses-permission android:name="android.permission.USE_FINGERPRINT" />
39-->[:react-native-keychain] AndroidManifest.xml:8:5-74
39-->[:react-native-keychain] AndroidManifest.xml:8:22-71
40
41    <uses-feature
41-->[com.websitebeaver:documentscanner:1.3.5] AndroidManifest.xml:9:5-11:35
42        android:name="android.hardware.camera"
42-->[com.websitebeaver:documentscanner:1.3.5] AndroidManifest.xml:10:9-47
43        android:required="true" />
43-->[com.websitebeaver:documentscanner:1.3.5] AndroidManifest.xml:11:9-32
44
45    <uses-permission android:name="com.google.android.gms.permission.AD_ID" />
45-->[com.google.android.gms:play-services-ads-lite:22.6.0] AndroidManifest.xml:26:5-79
45-->[com.google.android.gms:play-services-ads-lite:22.6.0] AndroidManifest.xml:26:22-76
46    <uses-permission android:name="android.permission.ACCESS_ADSERVICES_AD_ID" />
46-->[com.google.android.gms:play-services-ads-lite:22.6.0] AndroidManifest.xml:27:5-82
46-->[com.google.android.gms:play-services-ads-lite:22.6.0] AndroidManifest.xml:27:22-79
47    <uses-permission android:name="android.permission.ACCESS_ADSERVICES_ATTRIBUTION" />
47-->[com.google.android.gms:play-services-ads-lite:22.6.0] AndroidManifest.xml:28:5-88
47-->[com.google.android.gms:play-services-ads-lite:22.6.0] AndroidManifest.xml:28:22-85
48    <uses-permission android:name="android.permission.ACCESS_ADSERVICES_TOPICS" />
48-->[com.google.android.gms:play-services-ads-lite:22.6.0] AndroidManifest.xml:29:5-83
48-->[com.google.android.gms:play-services-ads-lite:22.6.0] AndroidManifest.xml:29:22-80
49    <uses-permission android:name="android.permission.FOREGROUND_SERVICE" />
49-->[androidx.work:work-runtime:2.7.0] AndroidManifest.xml:28:5-77
49-->[androidx.work:work-runtime:2.7.0] AndroidManifest.xml:28:22-74
50
51    <permission
51-->[androidx.core:core:1.9.0] AndroidManifest.xml:22:5-24:47
52        android:name="com.doc.DYNAMIC_RECEIVER_NOT_EXPORTED_PERMISSION"
52-->[androidx.core:core:1.9.0] AndroidManifest.xml:23:9-81
53        android:protectionLevel="signature" />
53-->[androidx.core:core:1.9.0] AndroidManifest.xml:24:9-44
54
55    <uses-permission android:name="com.doc.DYNAMIC_RECEIVER_NOT_EXPORTED_PERMISSION" />
55-->[androidx.core:core:1.9.0] AndroidManifest.xml:26:5-97
55-->[androidx.core:core:1.9.0] AndroidManifest.xml:26:22-94
56
57    <application
57-->src\main\AndroidManifest.xml:9:5-34:19
58        android:name="com.doc.MainApplication"
58-->src\main\AndroidManifest.xml:10:7-38
59        android:allowBackup="false"
59-->src\main\AndroidManifest.xml:14:7-34
60        android:appComponentFactory="androidx.core.app.CoreComponentFactory"
60-->[androidx.core:core:1.9.0] AndroidManifest.xml:28:18-86
61        android:debuggable="true"
62        android:icon="@mipmap/ic_launcher"
62-->src\main\AndroidManifest.xml:12:7-41
63        android:label="@string/app_name"
63-->src\main\AndroidManifest.xml:11:7-39
64        android:roundIcon="@mipmap/ic_launcher_round"
64-->src\main\AndroidManifest.xml:13:7-52
65        android:theme="@style/AppTheme"
65-->src\main\AndroidManifest.xml:15:7-38
66        android:usesCleartextTraffic="true" >
66-->src\debug\AndroidManifest.xml:8:9-44
67        <activity
67-->src\debug\AndroidManifest.xml:11:9-111
68            android:name="com.facebook.react.devsupport.DevSettingsActivity"
68-->src\debug\AndroidManifest.xml:11:19-83
69            android:exported="false" />
69-->src\debug\AndroidManifest.xml:11:84-108
70        <!-- Sample AdMob app ID: ca-app-pub-3940256099942544~3347511713 -->
71        <meta-data
71-->src\main\AndroidManifest.xml:17:5-21:11
72            android:name="com.google.android.gms.ads.APPLICATION_ID"
72-->src\main\AndroidManifest.xml:18:9-65
73            android:value="ca-app-pub-3940256099942544~3347511713" />
73-->src\main\AndroidManifest.xml:19:9-63
74
75        <activity
75-->src\main\AndroidManifest.xml:22:7-33:18
76            android:name="com.doc.MainActivity"
76-->src\main\AndroidManifest.xml:23:9-37
77            android:configChanges="keyboard|keyboardHidden|orientation|screenLayout|screenSize|smallestScreenSize|uiMode"
77-->src\main\AndroidManifest.xml:25:9-118
78            android:exported="true"
78-->src\main\AndroidManifest.xml:28:9-32
79            android:label="@string/app_name"
79-->src\main\AndroidManifest.xml:24:9-41
80            android:launchMode="singleTask"
80-->src\main\AndroidManifest.xml:26:9-40
81            android:windowSoftInputMode="adjustResize" >
81-->src\main\AndroidManifest.xml:27:9-51
82            <intent-filter>
82-->src\main\AndroidManifest.xml:29:9-32:25
83                <action android:name="android.intent.action.MAIN" />
83-->src\main\AndroidManifest.xml:30:13-65
83-->src\main\AndroidManifest.xml:30:21-62
84
85                <category android:name="android.intent.category.LAUNCHER" />
85-->src\main\AndroidManifest.xml:31:13-73
85-->src\main\AndroidManifest.xml:31:23-70
86            </intent-filter>
87        </activity>
88
89        <meta-data
89-->[:react-native-firebase_app] AndroidManifest.xml:9:9-11:36
90            android:name="app_data_collection_default_enabled"
90-->[:react-native-firebase_app] AndroidManifest.xml:10:13-63
91            android:value="true" />
91-->[:react-native-firebase_app] AndroidManifest.xml:11:13-33
92
93        <service
93-->[:react-native-firebase_app] AndroidManifest.xml:13:9-21:19
94            android:name="com.google.firebase.components.ComponentDiscoveryService"
94-->[:react-native-firebase_app] AndroidManifest.xml:14:13-84
95            android:directBootAware="true"
95-->[:react-native-firebase_app] AndroidManifest.xml:15:13-43
96            android:exported="false" >
96-->[:react-native-firebase_app] AndroidManifest.xml:16:13-37
97            <meta-data
97-->[:react-native-firebase_app] AndroidManifest.xml:18:13-20:85
98                android:name="com.google.firebase.components:io.invertase.firebase.app.ReactNativeFirebaseAppRegistrar"
98-->[:react-native-firebase_app] AndroidManifest.xml:19:17-120
99                android:value="com.google.firebase.components.ComponentRegistrar" />
99-->[:react-native-firebase_app] AndroidManifest.xml:20:17-82
100            <meta-data
100-->[com.google.firebase:firebase-firestore:24.9.1] AndroidManifest.xml:17:13-19:85
101                android:name="com.google.firebase.components:com.google.firebase.firestore.FirebaseFirestoreKtxRegistrar"
101-->[com.google.firebase:firebase-firestore:24.9.1] AndroidManifest.xml:18:17-122
102                android:value="com.google.firebase.components.ComponentRegistrar" />
102-->[com.google.firebase:firebase-firestore:24.9.1] AndroidManifest.xml:19:17-82
103            <meta-data
103-->[com.google.firebase:firebase-firestore:24.9.1] AndroidManifest.xml:20:13-22:85
104                android:name="com.google.firebase.components:com.google.firebase.firestore.FirestoreRegistrar"
104-->[com.google.firebase:firebase-firestore:24.9.1] AndroidManifest.xml:21:17-111
105                android:value="com.google.firebase.components.ComponentRegistrar" />
105-->[com.google.firebase:firebase-firestore:24.9.1] AndroidManifest.xml:22:17-82
106            <meta-data
106-->[com.google.firebase:firebase-storage:20.3.0] AndroidManifest.xml:30:13-32:85
107                android:name="com.google.firebase.components:com.google.firebase.storage.FirebaseStorageKtxRegistrar"
107-->[com.google.firebase:firebase-storage:20.3.0] AndroidManifest.xml:31:17-118
108                android:value="com.google.firebase.components.ComponentRegistrar" />
108-->[com.google.firebase:firebase-storage:20.3.0] AndroidManifest.xml:32:17-82
109            <meta-data
109-->[com.google.firebase:firebase-storage:20.3.0] AndroidManifest.xml:33:13-35:85
110                android:name="com.google.firebase.components:com.google.firebase.storage.StorageRegistrar"
110-->[com.google.firebase:firebase-storage:20.3.0] AndroidManifest.xml:34:17-107
111                android:value="com.google.firebase.components.ComponentRegistrar" />
111-->[com.google.firebase:firebase-storage:20.3.0] AndroidManifest.xml:35:17-82
112            <meta-data
112-->[com.google.firebase:firebase-auth:22.2.0] AndroidManifest.xml:69:13-71:85
113                android:name="com.google.firebase.components:com.google.firebase.auth.FirebaseAuthRegistrar"
113-->[com.google.firebase:firebase-auth:22.2.0] AndroidManifest.xml:70:17-109
114                android:value="com.google.firebase.components.ComponentRegistrar" />
114-->[com.google.firebase:firebase-auth:22.2.0] AndroidManifest.xml:71:17-82
115            <meta-data
115-->[com.google.firebase:firebase-appcheck:17.1.1] AndroidManifest.xml:25:13-27:85
116                android:name="com.google.firebase.components:com.google.firebase.appcheck.FirebaseAppCheckKtxRegistrar"
116-->[com.google.firebase:firebase-appcheck:17.1.1] AndroidManifest.xml:26:17-120
117                android:value="com.google.firebase.components.ComponentRegistrar" />
117-->[com.google.firebase:firebase-appcheck:17.1.1] AndroidManifest.xml:27:17-82
118            <meta-data
118-->[com.google.firebase:firebase-appcheck:17.1.1] AndroidManifest.xml:28:13-30:85
119                android:name="com.google.firebase.components:com.google.firebase.appcheck.FirebaseAppCheckRegistrar"
119-->[com.google.firebase:firebase-appcheck:17.1.1] AndroidManifest.xml:29:17-117
120                android:value="com.google.firebase.components.ComponentRegistrar" />
120-->[com.google.firebase:firebase-appcheck:17.1.1] AndroidManifest.xml:30:17-82
121            <meta-data
121-->[com.google.firebase:firebase-common-ktx:20.4.2] AndroidManifest.xml:12:13-14:85
122                android:name="com.google.firebase.components:com.google.firebase.ktx.FirebaseCommonLegacyRegistrar"
122-->[com.google.firebase:firebase-common-ktx:20.4.2] AndroidManifest.xml:13:17-116
123                android:value="com.google.firebase.components.ComponentRegistrar" />
123-->[com.google.firebase:firebase-common-ktx:20.4.2] AndroidManifest.xml:14:17-82
124            <meta-data
124-->[com.google.firebase:firebase-common:20.4.2] AndroidManifest.xml:35:13-37:85
125                android:name="com.google.firebase.components:com.google.firebase.FirebaseCommonKtxRegistrar"
125-->[com.google.firebase:firebase-common:20.4.2] AndroidManifest.xml:36:17-109
126                android:value="com.google.firebase.components.ComponentRegistrar" />
126-->[com.google.firebase:firebase-common:20.4.2] AndroidManifest.xml:37:17-82
127        </service>
128
129        <provider
129-->[:react-native-firebase_app] AndroidManifest.xml:23:9-27:38
130            android:name="io.invertase.firebase.app.ReactNativeFirebaseAppInitProvider"
130-->[:react-native-firebase_app] AndroidManifest.xml:24:13-88
131            android:authorities="com.doc.reactnativefirebaseappinitprovider"
131-->[:react-native-firebase_app] AndroidManifest.xml:25:13-86
132            android:exported="false"
132-->[:react-native-firebase_app] AndroidManifest.xml:26:13-37
133            android:initOrder="99" />
133-->[:react-native-firebase_app] AndroidManifest.xml:27:13-35
134
135        <meta-data
135-->[:react-native-google-mobile-ads] AndroidManifest.xml:15:9-17:37
136            android:name="com.google.android.gms.ads.DELAY_APP_MEASUREMENT_INIT"
136-->[:react-native-google-mobile-ads] AndroidManifest.xml:16:13-81
137            android:value="false" />
137-->[:react-native-google-mobile-ads] AndroidManifest.xml:17:13-34
138        <meta-data
138-->[:react-native-google-mobile-ads] AndroidManifest.xml:18:9-20:36
139            android:name="com.google.android.gms.ads.flag.OPTIMIZE_INITIALIZATION"
139-->[:react-native-google-mobile-ads] AndroidManifest.xml:19:13-83
140            android:value="true" />
140-->[:react-native-google-mobile-ads] AndroidManifest.xml:20:13-33
141        <meta-data
141-->[:react-native-google-mobile-ads] AndroidManifest.xml:21:9-23:36
142            android:name="com.google.android.gms.ads.flag.OPTIMIZE_AD_LOADING"
142-->[:react-native-google-mobile-ads] AndroidManifest.xml:22:13-79
143            android:value="true" />
143-->[:react-native-google-mobile-ads] AndroidManifest.xml:23:13-33
144
145        <provider
145-->[:react-native-image-crop-picker] AndroidManifest.xml:16:9-24:20
146            android:name="com.reactnative.ivpusic.imagepicker.IvpusicImagePickerFileProvider"
146-->[:react-native-image-crop-picker] AndroidManifest.xml:17:13-94
147            android:authorities="com.doc.provider"
147-->[:react-native-image-crop-picker] AndroidManifest.xml:18:13-60
148            android:exported="false"
148-->[:react-native-image-crop-picker] AndroidManifest.xml:19:13-37
149            android:grantUriPermissions="true" >
149-->[:react-native-image-crop-picker] AndroidManifest.xml:20:13-47
150            <meta-data
150-->[:react-native-image-crop-picker] AndroidManifest.xml:21:13-23:78
151                android:name="android.support.FILE_PROVIDER_PATHS"
151-->[:react-native-image-crop-picker] AndroidManifest.xml:22:17-67
152                android:resource="@xml/ivpusic_imagepicker_provider_paths" />
152-->[:react-native-image-crop-picker] AndroidManifest.xml:23:17-75
153        </provider>
154
155        <activity
155-->[:react-native-image-crop-picker] AndroidManifest.xml:26:9-28:72
156            android:name="com.yalantis.ucrop.UCropActivity"
156-->[:react-native-image-crop-picker] AndroidManifest.xml:27:13-60
157            android:theme="@style/Theme.AppCompat.Light.NoActionBar" />
157-->[:react-native-image-crop-picker] AndroidManifest.xml:28:13-69
158
159        <meta-data
159-->[com.github.bumptech.glide:okhttp3-integration:4.12.0] AndroidManifest.xml:11:9-13:43
160            android:name="com.bumptech.glide.integration.okhttp3.OkHttpGlideModule"
160-->[com.github.bumptech.glide:okhttp3-integration:4.12.0] AndroidManifest.xml:12:13-84
161            android:value="GlideModule" />
161-->[com.github.bumptech.glide:okhttp3-integration:4.12.0] AndroidManifest.xml:13:13-40
162
163        <uses-library
163-->[androidx.privacysandbox.ads:ads-adservices:1.0.0-beta05] AndroidManifest.xml:23:9-25:40
164            android:name="android.ext.adservices"
164-->[androidx.privacysandbox.ads:ads-adservices:1.0.0-beta05] AndroidManifest.xml:24:13-50
165            android:required="false" />
165-->[androidx.privacysandbox.ads:ads-adservices:1.0.0-beta05] AndroidManifest.xml:25:13-37
166
167        <activity
167-->[com.websitebeaver:documentscanner:1.3.5] AndroidManifest.xml:17:9-21:55
168            android:name="com.websitebeaver.documentscanner.DocumentScannerActivity"
168-->[com.websitebeaver:documentscanner:1.3.5] AndroidManifest.xml:18:13-85
169            android:configChanges="orientation|screenSize"
169-->[com.websitebeaver:documentscanner:1.3.5] AndroidManifest.xml:19:13-59
170            android:screenOrientation="portrait"
170-->[com.websitebeaver:documentscanner:1.3.5] AndroidManifest.xml:20:13-49
171            android:theme="@style/Theme.FullScreen" />
171-->[com.websitebeaver:documentscanner:1.3.5] AndroidManifest.xml:21:13-52
172
173        <provider
173-->[com.websitebeaver:documentscanner:1.3.5] AndroidManifest.xml:23:9-31:20
174            android:name="com.websitebeaver.documentscanner.DocumentScannerFileProvider"
174-->[com.websitebeaver:documentscanner:1.3.5] AndroidManifest.xml:24:13-89
175            android:authorities="com.doc.DocumentScannerFileProvider"
175-->[com.websitebeaver:documentscanner:1.3.5] AndroidManifest.xml:25:13-79
176            android:exported="false"
176-->[com.websitebeaver:documentscanner:1.3.5] AndroidManifest.xml:26:13-37
177            android:grantUriPermissions="true" >
177-->[com.websitebeaver:documentscanner:1.3.5] AndroidManifest.xml:27:13-47
178            <meta-data
178-->[:react-native-image-crop-picker] AndroidManifest.xml:21:13-23:78
179                android:name="android.support.FILE_PROVIDER_PATHS"
179-->[:react-native-image-crop-picker] AndroidManifest.xml:22:17-67
180                android:resource="@xml/file_paths" />
180-->[:react-native-image-crop-picker] AndroidManifest.xml:23:17-75
181        </provider>
182
183        <activity
183-->[com.google.firebase:firebase-auth:22.2.0] AndroidManifest.xml:29:9-46:20
184            android:name="com.google.firebase.auth.internal.GenericIdpActivity"
184-->[com.google.firebase:firebase-auth:22.2.0] AndroidManifest.xml:30:13-80
185            android:excludeFromRecents="true"
185-->[com.google.firebase:firebase-auth:22.2.0] AndroidManifest.xml:31:13-46
186            android:exported="true"
186-->[com.google.firebase:firebase-auth:22.2.0] AndroidManifest.xml:32:13-36
187            android:launchMode="singleTask"
187-->[com.google.firebase:firebase-auth:22.2.0] AndroidManifest.xml:33:13-44
188            android:theme="@android:style/Theme.Translucent.NoTitleBar" >
188-->[com.google.firebase:firebase-auth:22.2.0] AndroidManifest.xml:34:13-72
189            <intent-filter>
189-->[com.google.firebase:firebase-auth:22.2.0] AndroidManifest.xml:35:13-45:29
190                <action android:name="android.intent.action.VIEW" />
190-->[com.google.firebase:firebase-auth:22.2.0] AndroidManifest.xml:36:17-69
190-->[com.google.firebase:firebase-auth:22.2.0] AndroidManifest.xml:36:25-66
191
192                <category android:name="android.intent.category.DEFAULT" />
192-->[com.google.firebase:firebase-auth:22.2.0] AndroidManifest.xml:38:17-76
192-->[com.google.firebase:firebase-auth:22.2.0] AndroidManifest.xml:38:27-73
193                <category android:name="android.intent.category.BROWSABLE" />
193-->[com.google.firebase:firebase-auth:22.2.0] AndroidManifest.xml:39:17-78
193-->[com.google.firebase:firebase-auth:22.2.0] AndroidManifest.xml:39:27-75
194
195                <data
195-->[com.google.firebase:firebase-auth:22.2.0] AndroidManifest.xml:41:17-44:51
196                    android:host="firebase.auth"
196-->[com.google.firebase:firebase-auth:22.2.0] AndroidManifest.xml:42:21-49
197                    android:path="/"
197-->[com.google.firebase:firebase-auth:22.2.0] AndroidManifest.xml:43:21-37
198                    android:scheme="genericidp" />
198-->[com.google.firebase:firebase-auth:22.2.0] AndroidManifest.xml:44:21-48
199            </intent-filter>
200        </activity>
201        <activity
201-->[com.google.firebase:firebase-auth:22.2.0] AndroidManifest.xml:47:9-64:20
202            android:name="com.google.firebase.auth.internal.RecaptchaActivity"
202-->[com.google.firebase:firebase-auth:22.2.0] AndroidManifest.xml:48:13-79
203            android:excludeFromRecents="true"
203-->[com.google.firebase:firebase-auth:22.2.0] AndroidManifest.xml:49:13-46
204            android:exported="true"
204-->[com.google.firebase:firebase-auth:22.2.0] AndroidManifest.xml:50:13-36
205            android:launchMode="singleTask"
205-->[com.google.firebase:firebase-auth:22.2.0] AndroidManifest.xml:51:13-44
206            android:theme="@android:style/Theme.Translucent.NoTitleBar" >
206-->[com.google.firebase:firebase-auth:22.2.0] AndroidManifest.xml:52:13-72
207            <intent-filter>
207-->[com.google.firebase:firebase-auth:22.2.0] AndroidManifest.xml:53:13-63:29
208                <action android:name="android.intent.action.VIEW" />
208-->[com.google.firebase:firebase-auth:22.2.0] AndroidManifest.xml:36:17-69
208-->[com.google.firebase:firebase-auth:22.2.0] AndroidManifest.xml:36:25-66
209
210                <category android:name="android.intent.category.DEFAULT" />
210-->[com.google.firebase:firebase-auth:22.2.0] AndroidManifest.xml:38:17-76
210-->[com.google.firebase:firebase-auth:22.2.0] AndroidManifest.xml:38:27-73
211                <category android:name="android.intent.category.BROWSABLE" />
211-->[com.google.firebase:firebase-auth:22.2.0] AndroidManifest.xml:39:17-78
211-->[com.google.firebase:firebase-auth:22.2.0] AndroidManifest.xml:39:27-75
212
213                <data
213-->[com.google.firebase:firebase-auth:22.2.0] AndroidManifest.xml:41:17-44:51
214                    android:host="firebase.auth"
214-->[com.google.firebase:firebase-auth:22.2.0] AndroidManifest.xml:42:21-49
215                    android:path="/"
215-->[com.google.firebase:firebase-auth:22.2.0] AndroidManifest.xml:43:21-37
216                    android:scheme="recaptcha" />
216-->[com.google.firebase:firebase-auth:22.2.0] AndroidManifest.xml:44:21-48
217            </intent-filter>
218        </activity> <!-- Include the AdActivity and InAppPurchaseActivity configChanges and themes. -->
219        <activity
219-->[com.google.android.gms:play-services-ads-lite:22.6.0] AndroidManifest.xml:56:9-61:43
220            android:name="com.google.android.gms.ads.AdActivity"
220-->[com.google.android.gms:play-services-ads-lite:22.6.0] AndroidManifest.xml:57:13-65
221            android:configChanges="keyboard|keyboardHidden|orientation|screenLayout|uiMode|screenSize|smallestScreenSize"
221-->[com.google.android.gms:play-services-ads-lite:22.6.0] AndroidManifest.xml:58:13-122
222            android:exported="false"
222-->[com.google.android.gms:play-services-ads-lite:22.6.0] AndroidManifest.xml:59:13-37
223            android:theme="@android:style/Theme.Translucent" />
223-->[com.google.android.gms:play-services-ads-lite:22.6.0] AndroidManifest.xml:60:13-61
224
225        <provider
225-->[com.google.android.gms:play-services-ads-lite:22.6.0] AndroidManifest.xml:63:9-68:43
226            android:name="com.google.android.gms.ads.MobileAdsInitProvider"
226-->[com.google.android.gms:play-services-ads-lite:22.6.0] AndroidManifest.xml:64:13-76
227            android:authorities="com.doc.mobileadsinitprovider"
227-->[com.google.android.gms:play-services-ads-lite:22.6.0] AndroidManifest.xml:65:13-73
228            android:exported="false"
228-->[com.google.android.gms:play-services-ads-lite:22.6.0] AndroidManifest.xml:66:13-37
229            android:initOrder="100" />
229-->[com.google.android.gms:play-services-ads-lite:22.6.0] AndroidManifest.xml:67:13-36
230
231        <service
231-->[com.google.android.gms:play-services-ads-lite:22.6.0] AndroidManifest.xml:70:9-74:43
232            android:name="com.google.android.gms.ads.AdService"
232-->[com.google.android.gms:play-services-ads-lite:22.6.0] AndroidManifest.xml:71:13-64
233            android:enabled="true"
233-->[com.google.android.gms:play-services-ads-lite:22.6.0] AndroidManifest.xml:72:13-35
234            android:exported="false" />
234-->[com.google.android.gms:play-services-ads-lite:22.6.0] AndroidManifest.xml:73:13-37
235
236        <activity
236-->[com.google.android.gms:play-services-ads-lite:22.6.0] AndroidManifest.xml:76:9-80:43
237            android:name="com.google.android.gms.ads.OutOfContextTestingActivity"
237-->[com.google.android.gms:play-services-ads-lite:22.6.0] AndroidManifest.xml:77:13-82
238            android:configChanges="keyboard|keyboardHidden|orientation|screenLayout|uiMode|screenSize|smallestScreenSize"
238-->[com.google.android.gms:play-services-ads-lite:22.6.0] AndroidManifest.xml:78:13-122
239            android:exported="false" />
239-->[com.google.android.gms:play-services-ads-lite:22.6.0] AndroidManifest.xml:79:13-37
240        <activity
240-->[com.google.android.gms:play-services-ads-lite:22.6.0] AndroidManifest.xml:81:9-88:43
241            android:name="com.google.android.gms.ads.NotificationHandlerActivity"
241-->[com.google.android.gms:play-services-ads-lite:22.6.0] AndroidManifest.xml:82:13-82
242            android:excludeFromRecents="true"
242-->[com.google.android.gms:play-services-ads-lite:22.6.0] AndroidManifest.xml:83:13-46
243            android:exported="false"
243-->[com.google.android.gms:play-services-ads-lite:22.6.0] AndroidManifest.xml:84:13-37
244            android:launchMode="singleTask"
244-->[com.google.android.gms:play-services-ads-lite:22.6.0] AndroidManifest.xml:85:13-44
245            android:taskAffinity=""
245-->[com.google.android.gms:play-services-ads-lite:22.6.0] AndroidManifest.xml:86:13-36
246            android:theme="@android:style/Theme.Translucent.NoTitleBar" />
246-->[com.google.android.gms:play-services-ads-lite:22.6.0] AndroidManifest.xml:87:13-72
247
248        <property
248-->[com.google.android.gms:play-services-ads-lite:22.6.0] AndroidManifest.xml:90:9-92:62
249            android:name="android.adservices.AD_SERVICES_CONFIG"
249-->[com.google.android.gms:play-services-ads-lite:22.6.0] AndroidManifest.xml:91:13-65
250            android:resource="@xml/gma_ad_services_config" />
250-->[com.google.android.gms:play-services-ads-lite:22.6.0] AndroidManifest.xml:92:13-59
251
252        <activity
252-->[com.google.android.gms:play-services-auth:20.7.0] AndroidManifest.xml:23:9-27:75
253            android:name="com.google.android.gms.auth.api.signin.internal.SignInHubActivity"
253-->[com.google.android.gms:play-services-auth:20.7.0] AndroidManifest.xml:24:13-93
254            android:excludeFromRecents="true"
254-->[com.google.android.gms:play-services-auth:20.7.0] AndroidManifest.xml:25:13-46
255            android:exported="false"
255-->[com.google.android.gms:play-services-auth:20.7.0] AndroidManifest.xml:26:13-37
256            android:theme="@android:style/Theme.Translucent.NoTitleBar" />
256-->[com.google.android.gms:play-services-auth:20.7.0] AndroidManifest.xml:27:13-72
257        <!--
258            Service handling Google Sign-In user revocation. For apps that do not integrate with
259            Google Sign-In, this service will never be started.
260        -->
261        <service
261-->[com.google.android.gms:play-services-auth:20.7.0] AndroidManifest.xml:33:9-37:51
262            android:name="com.google.android.gms.auth.api.signin.RevocationBoundService"
262-->[com.google.android.gms:play-services-auth:20.7.0] AndroidManifest.xml:34:13-89
263            android:exported="true"
263-->[com.google.android.gms:play-services-auth:20.7.0] AndroidManifest.xml:35:13-36
264            android:permission="com.google.android.gms.auth.api.signin.permission.REVOCATION_NOTIFICATION"
264-->[com.google.android.gms:play-services-auth:20.7.0] AndroidManifest.xml:36:13-107
265            android:visibleToInstantApps="true" />
265-->[com.google.android.gms:play-services-auth:20.7.0] AndroidManifest.xml:37:13-48
266
267        <provider
267-->[com.google.firebase:firebase-common:20.4.2] AndroidManifest.xml:23:9-28:39